No SYSTEM in boot image, assuming EPOS is a library!
Setting up this machine as follows: 
  Processor:    IA32 at 2497 MHz (BUS clock = 125 MHz)
  Memory:       2080768 Kbytes [0x00000000:0x7f000000]
  User memory:  2078664 Kbytes [0x00000000:0x7edf2000]
  PCI aperture: 44996 Kbytes [0xfc000000:0xfebf1020]
  Node Id:      will get from the network!
  Setup:        19872 bytes
  APP code:     15232 bytes	data: 576 bytes
P->a	P->b	P->c	P->d	C<-a	C<-b	C<-c	C
<-d	P->e	P->f	C<-e	C<-f	P->g	P->h	C
<-g	C<-h	P->i	P->j	C<-i	C<-j	P->k	C
<-k	P->l	C<-l	P->m	C<-m	P->n	C<-n	P
->o	C<-o	P->p	P->a	P->b	P->c	P->d	C
<-p	C<-a	C<-b	C<-c	C<-d	P->e	P->f	C
<-e	C<-f	P->g	P->h	C<-g	C<-h	P->i	P
->j	C<-i	C<-j	P->k	C<-k	P->l	C<-l	P
->m	C<-m	P->n	C<-n	P->o	C<-o	P->p	P
->a	P->b	P->c	P->d	C<-p	C<-a	C<-b	C
<-c	C<-d	P->e	P->f	C<-e	C<-f	P->g	P
->h	C<-g	C<-h	P->i	P->j	C<-i	C<-j	P
->k	C<-k	P->l	C<-l	P->m	C<-m	P->n	C
<-n	P->o	C<-o	P->p	P->a	P->b	P->c	P
->d	C<-p	C<-a	C<-b	C<-c	C<-d	P->e	P
->f	C<-e	C<-f	P->g	P->h	C<-g	C<-h	P
->i	P->j	C<-i	C<-j	P->k	C<-k	P->l	C
<-l	P->m	C<-m	P->n	C<-n	P->o	C<-o	P
->p	P->a	P->b	P->c	P->d	C<-p	C<-a	C
<-b	C<-c	C<-d	P->e	P->f	C<-e	C<-f	P
->g	P->h	C<-g	C<-h	P->i	P->j	C<-i	C
<-j	P->k	C<-k	P->l	C<-l	P->m	C<-m	P
->n	C<-n	P->o	C<-o	P->p	P->a	P->b	P
->c	P->d	C<-p	C<-a	C<-b	C<-c	C<-d	P
->e	P->f	C<-e	C<-f	P->g	P->h	C<-g	C
<-h	P->i	P->j	C<-i	C<-j	P->k	C<-k	P
->l	C<-l	P->m	C<-m	P->n	C<-n	P->o	C
<-o	P->p	P->a	P->b	P->c	P->d	C<-p	C
<-a	C<-b	C<-c	C<-d	The end!
The last thread in the system has exited!
Rebooting the machine ...
