This is TeX, Version 3.14159 (Web2C 7.3.1) (format=latex 2002.5.14)  12 MAY 2003 12:20
**blue-flash.tex
(blue-flash.tex
LaTeX2e <2000/06/01>
Babel <v3.7h> and hyphenation patterns for american, french, german, ngerman, i
talian, nohyphenation, loaded.
(/usr/share/texmf/tex/latex/base/report.cls
Document Class: report 2000/05/19 v1.4b Standard LaTeX document class
(/usr/share/texmf/tex/latex/base/size10.clo
File: size10.clo 2000/05/19 v1.4b Standard LaTeX file (size option)
)
\c@part=\count79
\c@chapter=\count80
\c@section=\count81
\c@subsection=\count82
\c@subsubsection=\count83
\c@paragraph=\count84
\c@subparagraph=\count85
\c@figure=\count86
\c@table=\count87
\abovecaptionskip=\skip41
\belowcaptionskip=\skip42
\bibindent=\dimen102
)
(/usr/share/texmf/tex/latex/base/inputenc.sty
Package: inputenc 2000/07/01 v0.996 Input encoding file 

(/usr/share/texmf/tex/latex/base/latin1.def
File: latin1.def 2000/07/01 v0.996 Input encoding file 
))
(/usr/share/texmf/tex/generic/babel/babel.sty
Package: babel 2001/03/01 v3.7h The Babel package

(/usr/share/texmf/tex/generic/babel/english.ldf
Language: english 2001/02/07 v3.3k English support from the babel system

(/usr/share/texmf/tex/generic/babel/babel.def
File: babel.def 2001/03/01 v3.7h Babel common definitions
\babel@savecnt=\count88
\U@D=\dimen103
)
\l@canadian = a dialect from \language\l@english 
))
(/usr/share/texmf/tex/latex/misc/geometry.sty
Package: geometry 1999/10/07 v2.2 Page Geometry

(/usr/share/texmf/tex/latex/graphics/keyval.sty
Package: keyval 1999/03/16 v1.13 key=value parser (DPC)
\KV@toks@=\toks14
)
\geom@cnth=\count89
\geom@cntv=\count90

(/usr/share/texmf/tex/latex/config/geometry.cfg))
(/usr/share/texmf/tex/latex/graphics/graphicx.sty
Package: graphicx 1999/02/16 v1.0f Enhanced LaTeX Graphics (DPC,SPQR)

(/usr/share/texmf/tex/latex/graphics/graphics.sty
Package: graphics 1999/02/16 v1.0l Standard LaTeX Graphics (DPC,SPQR)

(/usr/share/texmf/tex/latex/graphics/trig.sty
Package: trig 1999/03/16 v1.09 sin cos tan (DPC)
)
(/usr/share/texmf/tex/latex/config/graphics.cfg)
Package graphics Info: Driver file: dvips.def on input line 80.

(/usr/share/texmf/tex/latex/graphics/dvips.def
File: dvips.def 1999/02/16 v3.0i Driver-dependant file (DPC,SPQR)
))
\Gin@req@height=\dimen104
\Gin@req@width=\dimen105
)
(/usr/share/texmf/tex/latex/graphics/color.sty
Package: color 1999/02/16 v1.0i Standard LaTeX Color (DPC)

(/usr/share/texmf/tex/latex/config/color.cfg)
Package color Info: Driver file: dvips.def on input line 125.

(/usr/share/texmf/tex/latex/graphics/dvipsnam.def
File: dvipsnam.def 1999/02/16 v3.0i Driver-dependant file (DPC,SPQR)
)) (blue-flash.aux)
\openout1 = `blue-flash.aux'.

LaTeX Font Info:    Checking defaults for OML/cmm/m/it on input line 11.
LaTeX Font Info:    ... okay on input line 11.
LaTeX Font Info:    Checking defaults for T1/cmr/m/n on input line 11.
LaTeX Font Info:    ... okay on input line 11.
LaTeX Font Info:    Checking defaults for OT1/cmr/m/n on input line 11.
LaTeX Font Info:    ... okay on input line 11.
LaTeX Font Info:    Checking defaults for OMS/cmsy/m/n on input line 11.
LaTeX Font Info:    ... okay on input line 11.
LaTeX Font Info:    Checking defaults for OMX/cmex/m/n on input line 11.
LaTeX Font Info:    ... okay on input line 11.
LaTeX Font Info:    Checking defaults for U/cmr/m/n on input line 11.
LaTeX Font Info:    ... okay on input line 11.
LaTeX Font Info:    External font `cmex10' loaded for size
(Font)              <12> on input line 21.
LaTeX Font Info:    External font `cmex10' loaded for size
(Font)              <8> on input line 21.
LaTeX Font Info:    External font `cmex10' loaded for size
(Font)              <6> on input line 21.
 [1

]
Chapter 1.
[1

]
File: MOSFETandFGT.eps Graphic file (type eps)
 <MOSFETandFGT.eps>
File: MOSFETBehaviour.eps Graphic file (type eps)
 <MOSFETBehaviour.eps>
File: FGTBehaviour.eps Graphic file (type eps)
 <FGTBehaviour.eps>

LaTeX Warning: `h' float specifier changed to `ht'.

[2]
LaTeX Font Info:    External font `cmex10' loaded for size
(Font)              <7> on input line 139.
LaTeX Font Info:    External font `cmex10' loaded for size
(Font)              <5> on input line 139.
 [3]
File: ReadingAFGT.eps Graphic file (type eps)
 <ReadingAFGT.eps> [4] [5]
File: MirrorBit.eps Graphic file (type eps)
 <MirrorBit.eps> [6] [7]
File: Holography.eps Graphic file (type eps)
 <Holography.eps>

LaTeX Warning: `h' float specifier changed to `ht'.

[8] [9]
File: FeRAM.eps Graphic file (type eps)
 <FeRAM.eps> [10] [11]
Chapter 2.
[12

]
File: ftl.eps Graphic file (type eps)
 <ftl.eps> [13]
File: mtdarch.eps Graphic file (type eps)
 <mtdarch.eps>

LaTeX Warning: `h' float specifier changed to `ht'.

[14]
File: hmtarch.eps Graphic file (type eps)
 <hmtarch.eps>

LaTeX Warning: `h' float specifier changed to `ht'.

[15]
File: trueffs.eps Graphic file (type eps)
 <trueffs.eps>

LaTeX Warning: `h' float specifier changed to `ht'.

[16] [17]
File: jffs2.eps Graphic file (type eps)
 <jffs2.eps> [18]
LaTeX Font Info:    Try loading font information for OMS+cmr on input line 1195
.
 (/usr/share/texmf/tex/latex/base/omscmr.fd
File: omscmr.fd 1999/05/25 v2.5h Standard LaTeX font definitions
)
LaTeX Font Info:    Font shape `OMS/cmr/m/n' in size <10> not available
(Font)              Font shape `OMS/cmsy/m/n' tried instead on input line 1195.

File: riffs.eps Graphic file (type eps)

<riffs.eps>

LaTeX Warning: `h' float specifier changed to `ht'.

[19]
File: btree.eps Graphic file (type eps)
 <btree.eps>

LaTeX Warning: `h' float specifier changed to `ht'.

[20] [21]
File: winupdate.eps Graphic file (type eps)
 <winupdate.eps> [22]
Underfull \hbox (badness 1983) in paragraph at lines 1438--1445
[]\OT1/cmr/m/n/10 In phase one the (1)``lib.o'' and (2)``startup[]configuration
'' are erased; (3)``loaded[]lib.o'' is
 []


Underfull \hbox (badness 1728) in paragraph at lines 1438--1445
\OT1/cmr/m/n/10 un-loaded and (4)``ker-nel ref-er-ence'' is de-struc-ted. The s
ec-ond phase the (5)``new[]lib.o'' and
 []

File: lkm.eps Graphic file (type eps)
<lkm.eps> (blue-flash.bbl [23]
Underfull \hbox (badness 7522) in paragraph at lines 51--54
[]\OT1/cmr/m/n/10 GNU's Not Unix.  \OT1/cmr/m/it/10 GNU Gen-eral Pub-lic Li-cen
se\OT1/cmr/m/n/10 , on-line edi-tion, De-cem-ber 2002.
 []


Underfull \hbox (badness 10000) in paragraph at lines 78--81
[]\OT1/cmr/m/n/10 Intel Co.  \OT1/cmr/m/it/10 What is Flash Mem-ory\OT1/cmr/m/n
/10 , on-line edi-tion, Oc-to-ber 2002.
 []

[24

]
Underfull \hbox (badness 10000) in paragraph at lines 130--133
[]\OT1/cmr/m/n/10 Matsushita Elec-tric In-dus-trial Co., Ltd.  \OT1/cmr/m/it/10
 Pana-sonic\OT1/cmr/m/n/10 , on-line edi-tion, March 2003.
 []


Underfull \hbox (badness 6220) in paragraph at lines 135--141
[]\OT1/cmr/m/n/10 Microsoft Co.  \OT1/cmr/m/it/10 Lin-ear Flash Mem-ory De-vice
s on Mi-crosoft Win-dows CE 2.1\OT1/cmr/m/n/10 , on-
 []


Underfull \hbox (badness 10000) in paragraph at lines 143--146
[]\OT1/cmr/m/n/10 Microsoft Win-dows.  \OT1/cmr/m/it/10 OS Up-date Sup-port\OT1
/cmr/m/n/10 , on-line edi-tion, De-cem-ber 2002.
 []


Underfull \hbox (badness 6493) in paragraph at lines 148--151
[]\OT1/cmr/m/n/10 Microsoft Win-dows.  \OT1/cmr/m/it/10 Win-dows CE for Au-to-m
o-tive\OT1/cmr/m/n/10 , on-line edi-tion, De-cem-ber 2002.
 []


Underfull \hbox (badness 10000) in paragraph at lines 165--168
[]\OT1/cmr/m/n/10 PalmSource, Inc.  \OT1/cmr/m/it/10 Vir-tual File Sys-tem\OT1/
cmr/m/n/10 , on-line edi-tion, De-cem-ber 2002.
 []

[25]) [26] (blue-flash.aux) ) 
Here is how much of TeX's memory you used:
 1361 strings out of 20887
 17142 string characters out of 197363
 67373 words of memory out of 350001
 4310 multiletter control sequences out of 10000+15000
 9805 words of font info for 34 fonts, out of 400000 for 1000
 14 hyphenation exceptions out of 10000
 25i,8n,30p,205b,307s stack positions out of 3000i,100n,1500p,50000b,4000s

Output written on blue-flash.dvi (27 pages, 101588 bytes).
