\BOOKMARK [1][-]{section.1}{Introduction}{}
\BOOKMARK [1][-]{section.2}{State of art}{}
\BOOKMARK [2][-]{subsection.2.1}{HECOPS}{section.2}
\BOOKMARK [2][-]{subsection.2.2}{External references}{section.2}
\BOOKMARK [3][-]{subsubsection.2.2.1}{Localization issues}{subsection.2.2}
\BOOKMARK [3][-]{subsubsection.2.2.2}{Ultrasound sensors}{subsection.2.2}
\BOOKMARK [3][-]{subsubsection.2.2.3}{NFC}{subsection.2.2}
\BOOKMARK [3][-]{subsubsection.2.2.4}{Data fusion}{subsection.2.2}
\BOOKMARK [1][-]{section.3}{Implementation description}{}
\BOOKMARK [2][-]{subsection.3.1}{HECOPS}{section.3}
\BOOKMARK [3][-]{subsubsection.3.1.1}{Environmental characterization}{subsection.3.1}
\BOOKMARK [3][-]{subsubsection.3.1.2}{RSSI measurement}{subsection.3.1}
\BOOKMARK [3][-]{subsubsection.3.1.3}{RSSI improvement}{subsection.3.1}
\BOOKMARK [3][-]{subsubsection.3.1.4}{RSSI distance conversion}{subsection.3.1}
\BOOKMARK [3][-]{subsubsection.3.1.5}{Trilateration}{subsection.3.1}
\BOOKMARK [2][-]{subsection.3.2}{eHECOPS}{section.3}
\BOOKMARK [3][-]{subsubsection.3.2.1}{Ultrasonic sound sensors}{subsection.3.2}
\BOOKMARK [3][-]{subsubsection.3.2.2}{Near Field Communication}{subsection.3.2}
\BOOKMARK [1][-]{section.4}{Results}{}
\BOOKMARK [2][-]{subsection.4.1}{RSSI}{section.4}
\BOOKMARK [3][-]{subsubsection.4.1.1}{Influence of the distance}{subsection.4.1}
\BOOKMARK [3][-]{subsubsection.4.1.2}{Influence of the angle}{subsection.4.1}
\BOOKMARK [2][-]{subsection.4.2}{Distance measurement}{section.4}
\BOOKMARK [2][-]{subsection.4.3}{Localization algorithm}{section.4}
\BOOKMARK [2][-]{subsection.4.4}{Ultrasonic sound sensor and NFC}{section.4}
\BOOKMARK [1][-]{section.5}{Conclusion and future work}{}
\BOOKMARK [2][-]{subsection.5.1}{Personnal feedback}{section.5}
\BOOKMARK [1][-]{section.6}{References}{}
\BOOKMARK [1][-]{appendix.A}{User guide}{}
\BOOKMARK [1][-]{appendix.B}{Developper guide}{}
